[2025-08-11T08:27:46.193141 UTC] SELL ZRO/USD @ 2.4320
[2025-08-11 08:27:46 UTC] SELL ZRO/USD @ 2.4320 | PnL: -1.60 (sl_or_trail)
[2025-08-11T08:33:37.542937 UTC] SELL STG/USD @ 0.1964
[2025-08-11 08:33:37 UTC] SELL STG/USD @ 0.1964 | PnL: -0.28 (sl_or_trail)
[2025-08-11T09:04:07.884197 UTC] BUY STG/USD @ 0.1981
[2025-08-11 09:04:07 UTC] BUY STG/USD @ 0.1981 [score=1.30]
[2025-08-11T09:14:41.876409 UTC] BUY LDO/USD @ 1.4860
[2025-08-11 09:14:41 UTC] BUY LDO/USD @ 1.4860 [score=1.30]
[2025-08-11T09:24:40.304818 UTC] SELL STG/USD @ 0.1981
[2025-08-11 09:24:40 UTC] SELL STG/USD @ 0.1981 | PnL: 0.00 (sl_or_trail)
[2025-08-11T09:33:02.667975 UTC] SELL LDO/USD @ 1.4710
[2025-08-11 09:33:02 UTC] SELL LDO/USD @ 1.4710 | PnL: -1.09 (sl_or_trail)
[2025-08-11T09:50:27.491475 UTC] SELL LINK/USDT @ 21.7385
[2025-08-11 09:50:27 UTC] SELL LINK/USDT @ 21.7385 | PnL: -1.54 (sl_or_trail)
[2025-08-11T10:22:26.788060 UTC] BUY ZRO/USD @ 2.5080
[2025-08-11 10:22:26 UTC] BUY ZRO/USD @ 2.5080 [score=1.30]
[2025-08-11T10:25:18.851372 UTC] BUY PUMP/USD @ 0.0037
[2025-08-11 10:25:18 UTC] BUY PUMP/USD @ 0.0037 [score=1.20]
[2025-08-11T10:26:52.242289 UTC] SELL ZRO/USD @ 2.4700
[2025-08-11 10:26:52 UTC] SELL ZRO/USD @ 2.4700 | PnL: -2.26 (sl_or_trail)
[2025-08-11T10:31:57.419577 UTC] SELL PUMP/USD @ 0.0037
[2025-08-11 10:31:57 UTC] SELL PUMP/USD @ 0.0037 | PnL: -1.34 (sl_or_trail)
[2025-08-11T10:51:27.060749 UTC] BUY STG/USD @ 0.1989
[2025-08-11 10:51:27 UTC] BUY STG/USD @ 0.1989 [score=1.30]
[2025-08-11T10:56:56.934971 UTC] BUY ZRO/USD @ 2.4860
[2025-08-11 10:56:56 UTC] BUY ZRO/USD @ 2.4860 [score=1.30]
[2025-08-11T11:01:22.856767 UTC] SELL ZRO/USD @ 2.4900
[2025-08-11 11:01:22 UTC] SELL ZRO/USD @ 2.4900 | PnL: 0.20 (sl_or_trail)
[2025-08-11T11:20:18.402727 UTC] BUY CRO/USDT @ 0.1721
[2025-08-11 11:20:18 UTC] BUY CRO/USDT @ 0.1721 [score=1.30]
[2025-08-11T11:20:51.674624 UTC] SELL CRO/USDT @ 0.1697
[2025-08-11 11:20:51 UTC] SELL CRO/USDT @ 0.1697 | PnL: -1.77 (sl_or_trail)
[2025-08-11T11:24:41.994567 UTC] SELL STG/USD @ 0.1951
[2025-08-11 11:24:41 UTC] SELL STG/USD @ 0.1951 | PnL: -2.84 (sl_or_trail)
[2025-08-11T11:35:11.782884 UTC] BUY ZRO/USD @ 2.4800
[2025-08-11 11:35:11 UTC] BUY ZRO/USD @ 2.4800 [score=1.30]
[2025-08-11T11:37:31.847600 UTC] BUY BANANAS31/USD @ 0.0087
[2025-08-11 11:37:31 UTC] BUY BANANAS31/USD @ 0.0087 [score=0.90]
[2025-08-11T11:37:57.946848 UTC] SELL ZRO/USD @ 2.4540
[2025-08-11 11:37:57 UTC] SELL ZRO/USD @ 2.4540 | PnL: -1.55 (sl_or_trail)
[2025-08-11T11:40:18.536915 UTC] SELL BANANAS31/USD @ 0.0087
[2025-08-11 11:40:18 UTC] SELL BANANAS31/USD @ 0.0087 | PnL: -0.30 (sl_or_trail)
[2025-08-11T12:25:46.265846 UTC] BUY PUMP/USD @ 0.0036
[2025-08-11 12:25:46 UTC] BUY PUMP/USD @ 0.0036 [score=1.10]
[2025-08-11T12:36:19.750925 UTC] SELL PUMP/USD @ 0.0036
[2025-08-11 12:36:19 UTC] SELL PUMP/USD @ 0.0036 | PnL: -0.54 (sl_or_trail)
[2025-08-11T13:36:29.449137 UTC] BUY LTC/USDT @ 126.4272
[2025-08-11 13:36:29 UTC] BUY LTC/USDT @ 126.4272 [score=1.30]
[2025-08-11T15:17:50.588329 UTC] SELL LTC/USDT @ 123.7951
[2025-08-11 15:17:50 UTC] SELL LTC/USDT @ 123.7951 | PnL: -3.08 (sl_or_trail)
[2025-08-11T15:36:05.889257 UTC] BUY PUMP/USD @ 0.0038
[2025-08-11 15:36:05 UTC] BUY PUMP/USD @ 0.0038 [score=1.30]
[2025-08-11T16:03:00.241779 UTC] SELL PUMP/USD @ 0.0037
[2025-08-11 16:03:00 UTC] SELL PUMP/USD @ 0.0037 | PnL: -1.64 (sl_or_trail)
[2025-08-11T18:32:05.883570 UTC] BUY ETH/USDT @ 4301.6400
[2025-08-11 18:32:05 UTC] BUY ETH/USDT @ 4301.6400 [score=1.30]
[2025-08-11T19:52:12.172095 UTC] SELL ETH/USDT @ 4249.1100
[2025-08-11 19:52:12 UTC] SELL ETH/USDT @ 4249.1100 | PnL: -1.80 (sl_or_trail)
